Base path: D:/Program Files (x86)/Unity4.5.0/Editor/Data
Pipe name: \\.\pipe\UnityShaderCompiler-1-5392
Cmd: getPlatforms
Cmd: preprocess
  insize=1287 outsize=1284 ok=1
Cmd: preprocess
  insize=455 outsize=1177 ok=1
Cmd: compileSnippet
  api=4 type=0 insize=4140 outsize=2387 kw=DIRECTIONAL SHADOWS_OFF LIGHTMAP_OFF DIRLIGHTMAP_OFF ok=1
Cmd: compileSnippet
  api=4 type=1 insize=4140 outsize=925 kw=DIRECTIONAL SHADOWS_OFF LIGHTMAP_OFF DIRLIGHTMAP_OFF ok=1
Cmd: compileSnippet
  api=4 type=0 insize=2144 outsize=2688 kw=POINT ok=1
Cmd: compileSnippet
  api=4 type=1 insize=2144 outsize=1282 kw=POINT ok=1
Cmd: compileSnippet
  api=4 type=0 insize=1807 outsize=1477 kw= ok=1
Cmd: compileSnippet
  api=4 type=1 insize=1807 outsize=632 kw= ok=1
Cmd: compileSnippet
  api=4 type=0 insize=3885 outsize=2663 kw=LIGHTMAP_OFF DIRLIGHTMAP_OFF HDR_LIGHT_PREPASS_OFF ok=1
Cmd: compileSnippet
  api=4 type=1 insize=3885 outsize=892 kw=LIGHTMAP_OFF DIRLIGHTMAP_OFF HDR_LIGHT_PREPASS_OFF ok=1
Cmd: preprocess
  insize=819 outsize=291 ok=1
Cmd: compileSnippet
  api=4 type=0 insize=825 outsize=1298 kw= ok=1
Cmd: compileSnippet
  api=4 type=1 insize=825 outsize=567 kw= ok=1
Cmd: preprocess
  insize=1414 outsize=1411 ok=1
Cmd: compileSnippet
  api=4 type=0 insize=2144 outsize=1632 kw=DIRECTIONAL ok=1
Cmd: compileSnippet
  api=4 type=1 insize=2144 outsize=868 kw=DIRECTIONAL ok=1
